CRITICAL - 2020-11-25 00:28:28 --> Table 'variety.mo_slide' doesn't exist
#0 C:\xampp\htdocs\movie\happymoviehd\system\Database\MySQLi\Connection.php(330): mysqli->query('SELECT\n        ...')
#1 C:\xampp\htdocs\movie\happymoviehd\system\Database\BaseConnection.php(738): CodeIgniter\Database\MySQLi\Connection->execute('SELECT\n        ...')
#2 C:\xampp\htdocs\movie\happymoviehd\system\Database\BaseConnection.php(666): CodeIgniter\Database\BaseConnection->simpleQuery('SELECT\n        ...')
#3 C:\xampp\htdocs\movie\happymoviehd\app\Models\Video_Model.php(202): CodeIgniter\Database\BaseConnection->query('SELECT\n        ...')
#4 C:\xampp\htdocs\movie\happymoviehd\app\Controllers\Home.php(61): App\Models\Video_Model->get_list_popular(1)
#5 C:\xampp\htdocs\movie\happymoviehd\system\CodeIgniter.php(910): App\Controllers\Home->index()
#6 C:\xampp\htdocs\movie\happymoviehd\system\CodeIgniter.php(398): CodeIgniter\CodeIgniter->runController(Object(App\Controllers\Home))
#7 C:\xampp\htdocs\movie\happymoviehd\system\CodeIgniter.php(306): CodeIgniter\CodeIgniter->handleRequest(NULL, Object(Config\Cache), false)
#8 C:\xampp\htdocs\movie\happymoviehd\index.php(45): CodeIgniter\CodeIgniter->run()
#9 {main}
CRITICAL - 2020-11-25 02:02:44 --> You must set the database table to be used with your query.
#0 C:\xampp\htdocs\movie\happymoviehd\system\Model.php(1190): CodeIgniter\Database\BaseConnection->table(NULL)
#1 C:\xampp\htdocs\movie\happymoviehd\system\Model.php(1700): CodeIgniter\Model->builder()
#2 C:\xampp\htdocs\movie\happymoviehd\app\Controllers\Home.php(472): CodeIgniter\Model->__call('countView', Array)
#3 C:\xampp\htdocs\movie\happymoviehd\system\CodeIgniter.php(910): App\Controllers\Home->countView('9798')
#4 C:\xampp\htdocs\movie\happymoviehd\system\CodeIgniter.php(398): CodeIgniter\CodeIgniter->runController(Object(App\Controllers\Home))
#5 C:\xampp\htdocs\movie\happymoviehd\system\CodeIgniter.php(306): CodeIgniter\CodeIgniter->handleRequest(NULL, Object(Config\Cache), false)
#6 C:\xampp\htdocs\movie\happymoviehd\index.php(45): CodeIgniter\CodeIgniter->run()
#7 {main}
CRITICAL - 2020-11-25 02:03:06 --> You must set the database table to be used with your query.
#0 C:\xampp\htdocs\movie\happymoviehd\system\Model.php(1190): CodeIgniter\Database\BaseConnection->table(NULL)
#1 C:\xampp\htdocs\movie\happymoviehd\system\Model.php(1700): CodeIgniter\Model->builder()
#2 C:\xampp\htdocs\movie\happymoviehd\app\Controllers\Home.php(472): CodeIgniter\Model->__call('countView', Array)
#3 C:\xampp\htdocs\movie\happymoviehd\system\CodeIgniter.php(910): App\Controllers\Home->countView('9924')
#4 C:\xampp\htdocs\movie\happymoviehd\system\CodeIgniter.php(398): CodeIgniter\CodeIgniter->runController(Object(App\Controllers\Home))
#5 C:\xampp\htdocs\movie\happymoviehd\system\CodeIgniter.php(306): CodeIgniter\CodeIgniter->handleRequest(NULL, Object(Config\Cache), false)
#6 C:\xampp\htdocs\movie\happymoviehd\index.php(45): CodeIgniter\CodeIgniter->run()
#7 {main}
CRITICAL - 2020-11-25 02:46:59 --> You must set the database table to be used with your query.
#0 C:\xampp\htdocs\movie\happymoviehd\system\Model.php(1190): CodeIgniter\Database\BaseConnection->table(NULL)
#1 C:\xampp\htdocs\movie\happymoviehd\system\Model.php(1700): CodeIgniter\Model->builder()
#2 C:\xampp\htdocs\movie\happymoviehd\app\Controllers\Home.php(474): CodeIgniter\Model->__call('countView', Array)
#3 C:\xampp\htdocs\movie\happymoviehd\system\CodeIgniter.php(910): App\Controllers\Home->countView('9884')
#4 C:\xampp\htdocs\movie\happymoviehd\system\CodeIgniter.php(398): CodeIgniter\CodeIgniter->runController(Object(App\Controllers\Home))
#5 C:\xampp\htdocs\movie\happymoviehd\system\CodeIgniter.php(306): CodeIgniter\CodeIgniter->handleRequest(NULL, Object(Config\Cache), false)
#6 C:\xampp\htdocs\movie\happymoviehd\index.php(45): CodeIgniter\CodeIgniter->run()
#7 {main}
CRITICAL - 2020-11-25 04:09:16 --> You must set the database table to be used with your query.
#0 C:\xampp\htdocs\movie\happymoviehd\system\Model.php(1190): CodeIgniter\Database\BaseConnection->table(NULL)
#1 C:\xampp\htdocs\movie\happymoviehd\system\Model.php(1700): CodeIgniter\Model->builder()
#2 C:\xampp\htdocs\movie\happymoviehd\app\Controllers\Home.php(474): CodeIgniter\Model->__call('countView', Array)
#3 C:\xampp\htdocs\movie\happymoviehd\system\CodeIgniter.php(910): App\Controllers\Home->countView('9887')
#4 C:\xampp\htdocs\movie\happymoviehd\system\CodeIgniter.php(398): CodeIgniter\CodeIgniter->runController(Object(App\Controllers\Home))
#5 C:\xampp\htdocs\movie\happymoviehd\system\CodeIgniter.php(306): CodeIgniter\CodeIgniter->handleRequest(NULL, Object(Config\Cache), false)
#6 C:\xampp\htdocs\movie\happymoviehd\index.php(45): CodeIgniter\CodeIgniter->run()
#7 {main}
CRITICAL - 2020-11-25 04:23:43 --> Undefined variable: url_name
#0 C:\xampp\htdocs\movie\happymoviehd\app\Views\templates\header.php(183): CodeIgniter\Debug\Exceptions->errorHandler(8, 'Undefined varia...', 'C:\\xampp\\htdocs...', 183, Array)
#1 C:\xampp\htdocs\movie\happymoviehd\system\View\View.php(236): include('C:\\xampp\\htdocs...')
#2 C:\xampp\htdocs\movie\happymoviehd\system\Common.php(1071): CodeIgniter\View\View->render('templates/heade...', Array, true)
#3 C:\xampp\htdocs\movie\happymoviehd\app\Controllers\Home.php(76): view('templates/heade...', Array)
#4 C:\xampp\htdocs\movie\happymoviehd\system\CodeIgniter.php(910): App\Controllers\Home->index()
#5 C:\xampp\htdocs\movie\happymoviehd\system\CodeIgniter.php(398): CodeIgniter\CodeIgniter->runController(Object(App\Controllers\Home))
#6 C:\xampp\htdocs\movie\happymoviehd\system\CodeIgniter.php(306): CodeIgniter\CodeIgniter->handleRequest(NULL, Object(Config\Cache), false)
#7 C:\xampp\htdocs\movie\happymoviehd\index.php(45): CodeIgniter\CodeIgniter->run()
#8 {main}
