CRITICAL - 2020-12-03 00:38:25 --> Undefined offset: 0
#0 C:\xampp\htdocs\movie\happymoviehd\app\Models\Video_Model.php(724): CodeIgniter\Debug\Exceptions->errorHandler(8, 'Undefined offse...', 'C:\\xampp\\htdocs...', 724, Array)
#1 C:\xampp\htdocs\movie\happymoviehd\app\Controllers\Av.php(503): App\Models\Video_Model->countView('9877')
#2 C:\xampp\htdocs\movie\happymoviehd\system\CodeIgniter.php(910): App\Controllers\Av->countView('9877')
#3 C:\xampp\htdocs\movie\happymoviehd\system\CodeIgniter.php(398): CodeIgniter\CodeIgniter->runController(Object(App\Controllers\Av))
#4 C:\xampp\htdocs\movie\happymoviehd\system\CodeIgniter.php(306): CodeIgniter\CodeIgniter->handleRequest(NULL, Object(Config\Cache), false)
#5 C:\xampp\htdocs\movie\happymoviehd\index.php(45): CodeIgniter\CodeIgniter->run()
#6 {main}
CRITICAL - 2020-12-03 00:39:22 --> Undefined offset: 0
#0 C:\xampp\htdocs\movie\happymoviehd\app\Models\Video_Model.php(724): CodeIgniter\Debug\Exceptions->errorHandler(8, 'Undefined offse...', 'C:\\xampp\\htdocs...', 724, Array)
#1 C:\xampp\htdocs\movie\happymoviehd\app\Controllers\Av.php(503): App\Models\Video_Model->countView('291')
#2 C:\xampp\htdocs\movie\happymoviehd\system\CodeIgniter.php(910): App\Controllers\Av->countView('291')
#3 C:\xampp\htdocs\movie\happymoviehd\system\CodeIgniter.php(398): CodeIgniter\CodeIgniter->runController(Object(App\Controllers\Av))
#4 C:\xampp\htdocs\movie\happymoviehd\system\CodeIgniter.php(306): CodeIgniter\CodeIgniter->handleRequest(NULL, Object(Config\Cache), false)
#5 C:\xampp\htdocs\movie\happymoviehd\index.php(45): CodeIgniter\CodeIgniter->run()
#6 {main}
CRITICAL - 2020-12-03 00:40:00 --> Undefined offset: 0
#0 C:\xampp\htdocs\movie\happymoviehd\app\Models\Video_Model.php(724): CodeIgniter\Debug\Exceptions->errorHandler(8, 'Undefined offse...', 'C:\\xampp\\htdocs...', 724, Array)
#1 C:\xampp\htdocs\movie\happymoviehd\app\Controllers\Av.php(503): App\Models\Video_Model->countView('9965')
#2 C:\xampp\htdocs\movie\happymoviehd\system\CodeIgniter.php(910): App\Controllers\Av->countView('9965')
#3 C:\xampp\htdocs\movie\happymoviehd\system\CodeIgniter.php(398): CodeIgniter\CodeIgniter->runController(Object(App\Controllers\Av))
#4 C:\xampp\htdocs\movie\happymoviehd\system\CodeIgniter.php(306): CodeIgniter\CodeIgniter->handleRequest(NULL, Object(Config\Cache), false)
#5 C:\xampp\htdocs\movie\happymoviehd\index.php(45): CodeIgniter\CodeIgniter->run()
#6 {main}
CRITICAL - 2020-12-03 00:42:12 --> Undefined offset: 0
#0 C:\xampp\htdocs\movie\happymoviehd\app\Controllers\Av.php(374): CodeIgniter\Debug\Exceptions->errorHandler(8, 'Undefined offse...', 'C:\\xampp\\htdocs...', 374, Array)
#1 C:\xampp\htdocs\movie\happymoviehd\system\CodeIgniter.php(910): App\Controllers\Av->category('41', '%E0%B9%84%E0%B8...', '%E0%B8%84%E0%B8...')
#2 C:\xampp\htdocs\movie\happymoviehd\system\CodeIgniter.php(398): CodeIgniter\CodeIgniter->runController(Object(App\Controllers\Av))
#3 C:\xampp\htdocs\movie\happymoviehd\system\CodeIgniter.php(306): CodeIgniter\CodeIgniter->handleRequest(NULL, Object(Config\Cache), false)
#4 C:\xampp\htdocs\movie\happymoviehd\index.php(45): CodeIgniter\CodeIgniter->run()
#5 {main}
CRITICAL - 2020-12-03 00:48:28 --> Undefined offset: 0
#0 C:\xampp\htdocs\movie\happymoviehd\app\Models\Video_Model.php(724): CodeIgniter\Debug\Exceptions->errorHandler(8, 'Undefined offse...', 'C:\\xampp\\htdocs...', 724, Array)
#1 C:\xampp\htdocs\movie\happymoviehd\app\Controllers\Av.php(504): App\Models\Video_Model->countView('9965')
#2 C:\xampp\htdocs\movie\happymoviehd\system\CodeIgniter.php(910): App\Controllers\Av->countView('9965')
#3 C:\xampp\htdocs\movie\happymoviehd\system\CodeIgniter.php(398): CodeIgniter\CodeIgniter->runController(Object(App\Controllers\Av))
#4 C:\xampp\htdocs\movie\happymoviehd\system\CodeIgniter.php(306): CodeIgniter\CodeIgniter->handleRequest(NULL, Object(Config\Cache), false)
#5 C:\xampp\htdocs\movie\happymoviehd\index.php(45): CodeIgniter\CodeIgniter->run()
#6 {main}
CRITICAL - 2020-12-03 00:48:31 --> Undefined offset: 0
#0 C:\xampp\htdocs\movie\happymoviehd\app\Models\Video_Model.php(724): CodeIgniter\Debug\Exceptions->errorHandler(8, 'Undefined offse...', 'C:\\xampp\\htdocs...', 724, Array)
#1 C:\xampp\htdocs\movie\happymoviehd\app\Controllers\Av.php(504): App\Models\Video_Model->countView('9965')
#2 C:\xampp\htdocs\movie\happymoviehd\system\CodeIgniter.php(910): App\Controllers\Av->countView('9965')
#3 C:\xampp\htdocs\movie\happymoviehd\system\CodeIgniter.php(398): CodeIgniter\CodeIgniter->runController(Object(App\Controllers\Av))
#4 C:\xampp\htdocs\movie\happymoviehd\system\CodeIgniter.php(306): CodeIgniter\CodeIgniter->handleRequest(NULL, Object(Config\Cache), false)
#5 C:\xampp\htdocs\movie\happymoviehd\index.php(45): CodeIgniter\CodeIgniter->run()
#6 {main}
CRITICAL - 2020-12-03 00:48:54 --> Undefined offset: 0
#0 C:\xampp\htdocs\movie\happymoviehd\app\Models\Video_Model.php(724): CodeIgniter\Debug\Exceptions->errorHandler(8, 'Undefined offse...', 'C:\\xampp\\htdocs...', 724, Array)
#1 C:\xampp\htdocs\movie\happymoviehd\app\Controllers\Av.php(504): App\Models\Video_Model->countView('9877')
#2 C:\xampp\htdocs\movie\happymoviehd\system\CodeIgniter.php(910): App\Controllers\Av->countView('9877')
#3 C:\xampp\htdocs\movie\happymoviehd\system\CodeIgniter.php(398): CodeIgniter\CodeIgniter->runController(Object(App\Controllers\Av))
#4 C:\xampp\htdocs\movie\happymoviehd\system\CodeIgniter.php(306): CodeIgniter\CodeIgniter->handleRequest(NULL, Object(Config\Cache), false)
#5 C:\xampp\htdocs\movie\happymoviehd\index.php(45): CodeIgniter\CodeIgniter->run()
#6 {main}
CRITICAL - 2020-12-03 00:49:08 --> Undefined index: av
#0 C:\xampp\htdocs\movie\happymoviehd\app\Views\templates\header.php(117): CodeIgniter\Debug\Exceptions->errorHandler(8, 'Undefined index...', 'C:\\xampp\\htdocs...', 117, Array)
#1 C:\xampp\htdocs\movie\happymoviehd\system\View\View.php(236): include('C:\\xampp\\htdocs...')
#2 C:\xampp\htdocs\movie\happymoviehd\system\Common.php(1071): CodeIgniter\View\View->render('templates/heade...', Array, true)
#3 C:\xampp\htdocs\movie\happymoviehd\app\Controllers\Av.php(385): view('templates/heade...', Array)
#4 C:\xampp\htdocs\movie\happymoviehd\system\CodeIgniter.php(910): App\Controllers\Av->category('28', '%E0%B9%81%E0%B8...')
#5 C:\xampp\htdocs\movie\happymoviehd\system\CodeIgniter.php(398): CodeIgniter\CodeIgniter->runController(Object(App\Controllers\Av))
#6 C:\xampp\htdocs\movie\happymoviehd\system\CodeIgniter.php(306): CodeIgniter\CodeIgniter->handleRequest(NULL, Object(Config\Cache), false)
#7 C:\xampp\htdocs\movie\happymoviehd\index.php(45): CodeIgniter\CodeIgniter->run()
#8 {main}
CRITICAL - 2020-12-03 00:49:50 --> Undefined index: av
#0 C:\xampp\htdocs\movie\happymoviehd\app\Views\templates\header.php(117): CodeIgniter\Debug\Exceptions->errorHandler(8, 'Undefined index...', 'C:\\xampp\\htdocs...', 117, Array)
#1 C:\xampp\htdocs\movie\happymoviehd\system\View\View.php(236): include('C:\\xampp\\htdocs...')
#2 C:\xampp\htdocs\movie\happymoviehd\system\Common.php(1071): CodeIgniter\View\View->render('templates/heade...', Array, true)
#3 C:\xampp\htdocs\movie\happymoviehd\app\Controllers\Av.php(385): view('templates/heade...', Array)
#4 C:\xampp\htdocs\movie\happymoviehd\system\CodeIgniter.php(910): App\Controllers\Av->category('28', '%E0%B9%81%E0%B8...')
#5 C:\xampp\htdocs\movie\happymoviehd\system\CodeIgniter.php(398): CodeIgniter\CodeIgniter->runController(Object(App\Controllers\Av))
#6 C:\xampp\htdocs\movie\happymoviehd\system\CodeIgniter.php(306): CodeIgniter\CodeIgniter->handleRequest(NULL, Object(Config\Cache), false)
#7 C:\xampp\htdocs\movie\happymoviehd\index.php(45): CodeIgniter\CodeIgniter->run()
#8 {main}
CRITICAL - 2020-12-03 00:49:56 --> Undefined index: av
#0 C:\xampp\htdocs\movie\happymoviehd\app\Views\templates\header.php(117): CodeIgniter\Debug\Exceptions->errorHandler(8, 'Undefined index...', 'C:\\xampp\\htdocs...', 117, Array)
#1 C:\xampp\htdocs\movie\happymoviehd\system\View\View.php(236): include('C:\\xampp\\htdocs...')
#2 C:\xampp\htdocs\movie\happymoviehd\system\Common.php(1071): CodeIgniter\View\View->render('templates/heade...', Array, true)
#3 C:\xampp\htdocs\movie\happymoviehd\app\Controllers\Av.php(385): view('templates/heade...', Array)
#4 C:\xampp\htdocs\movie\happymoviehd\system\CodeIgniter.php(910): App\Controllers\Av->category('28', 'll')
#5 C:\xampp\htdocs\movie\happymoviehd\system\CodeIgniter.php(398): CodeIgniter\CodeIgniter->runController(Object(App\Controllers\Av))
#6 C:\xampp\htdocs\movie\happymoviehd\system\CodeIgniter.php(306): CodeIgniter\CodeIgniter->handleRequest(NULL, Object(Config\Cache), false)
#7 C:\xampp\htdocs\movie\happymoviehd\index.php(45): CodeIgniter\CodeIgniter->run()
#8 {main}
CRITICAL - 2020-12-03 00:50:10 --> Undefined index: av
#0 C:\xampp\htdocs\movie\happymoviehd\app\Views\templates\header.php(117): CodeIgniter\Debug\Exceptions->errorHandler(8, 'Undefined index...', 'C:\\xampp\\htdocs...', 117, Array)
#1 C:\xampp\htdocs\movie\happymoviehd\system\View\View.php(236): include('C:\\xampp\\htdocs...')
#2 C:\xampp\htdocs\movie\happymoviehd\system\Common.php(1071): CodeIgniter\View\View->render('templates/heade...', Array, true)
#3 C:\xampp\htdocs\movie\happymoviehd\app\Controllers\Av.php(385): view('templates/heade...', Array)
#4 C:\xampp\htdocs\movie\happymoviehd\system\CodeIgniter.php(910): App\Controllers\Av->category('28', 'll')
#5 C:\xampp\htdocs\movie\happymoviehd\system\CodeIgniter.php(398): CodeIgniter\CodeIgniter->runController(Object(App\Controllers\Av))
#6 C:\xampp\htdocs\movie\happymoviehd\system\CodeIgniter.php(306): CodeIgniter\CodeIgniter->handleRequest(NULL, Object(Config\Cache), false)
#7 C:\xampp\htdocs\movie\happymoviehd\index.php(45): CodeIgniter\CodeIgniter->run()
#8 {main}
CRITICAL - 2020-12-03 02:42:24 --> Undefined variable: cate_name
#0 C:\xampp\htdocs\movie\happymoviehd\app\Controllers\Av.php(333): CodeIgniter\Debug\Exceptions->errorHandler(8, 'Undefined varia...', 'C:\\xampp\\htdocs...', 333, Array)
#1 C:\xampp\htdocs\movie\happymoviehd\system\CodeIgniter.php(910): App\Controllers\Av->category('41', '%E0%B9%84%E0%B8...', '%E0%B8%84%E0%B8...')
#2 C:\xampp\htdocs\movie\happymoviehd\system\CodeIgniter.php(398): CodeIgniter\CodeIgniter->runController(Object(App\Controllers\Av))
#3 C:\xampp\htdocs\movie\happymoviehd\system\CodeIgniter.php(306): CodeIgniter\CodeIgniter->handleRequest(NULL, Object(Config\Cache), false)
#4 C:\xampp\htdocs\movie\happymoviehd\index.php(45): CodeIgniter\CodeIgniter->run()
#5 {main}
CRITICAL - 2020-12-03 02:45:47 --> Too few arguments to function App\Controllers\Av::category(), 1 passed in C:\xampp\htdocs\movie\happymoviehd\system\CodeIgniter.php on line 910 and exactly 2 expected
#0 C:\xampp\htdocs\movie\happymoviehd\system\CodeIgniter.php(910): App\Controllers\Av->category('41')
#1 C:\xampp\htdocs\movie\happymoviehd\system\CodeIgniter.php(398): CodeIgniter\CodeIgniter->runController(Object(App\Controllers\Av))
#2 C:\xampp\htdocs\movie\happymoviehd\system\CodeIgniter.php(306): CodeIgniter\CodeIgniter->handleRequest(NULL, Object(Config\Cache), false)
#3 C:\xampp\htdocs\movie\happymoviehd\index.php(45): CodeIgniter\CodeIgniter->run()
#4 {main}
CRITICAL - 2020-12-03 02:46:32 --> Too few arguments to function App\Controllers\Av::category(), 1 passed in C:\xampp\htdocs\movie\happymoviehd\system\CodeIgniter.php on line 910 and exactly 2 expected
#0 C:\xampp\htdocs\movie\happymoviehd\system\CodeIgniter.php(910): App\Controllers\Av->category('41')
#1 C:\xampp\htdocs\movie\happymoviehd\system\CodeIgniter.php(398): CodeIgniter\CodeIgniter->runController(Object(App\Controllers\Av))
#2 C:\xampp\htdocs\movie\happymoviehd\system\CodeIgniter.php(306): CodeIgniter\CodeIgniter->handleRequest(NULL, Object(Config\Cache), false)
#3 C:\xampp\htdocs\movie\happymoviehd\index.php(45): CodeIgniter\CodeIgniter->run()
#4 {main}
CRITICAL - 2020-12-03 02:47:54 --> Undefined offset: 0
#0 C:\xampp\htdocs\movie\happymoviehd\app\Models\Video_Model.php(724): CodeIgniter\Debug\Exceptions->errorHandler(8, 'Undefined offse...', 'C:\\xampp\\htdocs...', 724, Array)
#1 C:\xampp\htdocs\movie\happymoviehd\app\Controllers\Av.php(497): App\Models\Video_Model->countView('9879')
#2 C:\xampp\htdocs\movie\happymoviehd\system\CodeIgniter.php(910): App\Controllers\Av->countView('9879')
#3 C:\xampp\htdocs\movie\happymoviehd\system\CodeIgniter.php(398): CodeIgniter\CodeIgniter->runController(Object(App\Controllers\Av))
#4 C:\xampp\htdocs\movie\happymoviehd\system\CodeIgniter.php(306): CodeIgniter\CodeIgniter->handleRequest(NULL, Object(Config\Cache), false)
#5 C:\xampp\htdocs\movie\happymoviehd\index.php(45): CodeIgniter\CodeIgniter->run()
#6 {main}
